0 info it worked if it ends with ok
1 verbose cli [ '/usr/local/Cellar/node/6.3.1/bin/node',
1 verbose cli   '/usr/local/bin/npm',
1 verbose cli   'install',
1 verbose cli   '--save',
1 verbose cli   '--save-exact',
1 verbose cli   'facebook-chat-api' ]
2 info using npm@3.10.3
3 info using node@v6.3.1
4 silly loadCurrentTree Starting
5 silly install loadCurrentTree
6 silly install readLocalPackageData
7 silly fetchPackageMetaData facebook-chat-api@3.10.3
8 silly fetchNamedPackageData facebook-chat-api
9 silly mapToRegistry name facebook-chat-api
10 silly mapToRegistry using default registry
11 silly mapToRegistry registry https://lunabuild.akamai.com/nexus/content/groups/npm-all/
12 silly mapToRegistry data Result {
12 silly mapToRegistry   raw: 'facebook-chat-api',
12 silly mapToRegistry   scope: null,
12 silly mapToRegistry   escapedName: 'facebook-chat-api',
12 silly mapToRegistry   name: 'facebook-chat-api',
12 silly mapToRegistry   rawSpec: '',
12 silly mapToRegistry   spec: 'latest',
12 silly mapToRegistry   type: 'tag' }
13 silly mapToRegistry uri https://lunabuild.akamai.com/nexus/content/groups/npm-all/facebook-chat-api
14 verbose request uri https://lunabuild.akamai.com/nexus/content/groups/npm-all/facebook-chat-api
15 verbose request no auth needed
16 info attempt registry request try #1 at 6:58:29 PM
17 verbose request id e040b783ad709eaf
18 verbose lastModified Sat, 03 Sep 2016 10:54:52 GMT
19 http request GET https://lunabuild.akamai.com/nexus/content/groups/npm-all/facebook-chat-api
20 http 200 https://lunabuild.akamai.com/nexus/content/groups/npm-all/facebook-chat-api
21 verbose headers { date: 'Sat, 03 Sep 2016 13:28:30 GMT',
21 verbose headers   server: 'Nexus/2.12.1-01',
21 verbose headers   'x-frame-options': 'SAMEORIGIN',
21 verbose headers   'x-content-type-options': 'nosniff',
21 verbose headers   'accept-ranges': 'bytes',
21 verbose headers   'content-type': 'application/json',
21 verbose headers   'last-modified': 'Sat, 03 Sep 2016 13:28:30 GMT',
21 verbose headers   'content-length': '52810',
21 verbose headers   via: '1.1 lunabuild.akamai.com',
21 verbose headers   'keep-alive': 'timeout=5, max=100',
21 verbose headers   connection: 'Keep-Alive' }
22 silly get cb [ 200,
22 silly get   { date: 'Sat, 03 Sep 2016 13:28:30 GMT',
22 silly get     server: 'Nexus/2.12.1-01',
22 silly get     'x-frame-options': 'SAMEORIGIN',
22 silly get     'x-content-type-options': 'nosniff',
22 silly get     'accept-ranges': 'bytes',
22 silly get     'content-type': 'application/json',
22 silly get     'last-modified': 'Sat, 03 Sep 2016 13:28:30 GMT',
22 silly get     'content-length': '52810',
22 silly get     via: '1.1 lunabuild.akamai.com',
22 silly get     'keep-alive': 'timeout=5, max=100',
22 silly get     connection: 'Keep-Alive' } ]
23 verbose get saving facebook-chat-api to /Users/azalani/.npm/lunabuild.akamai.com/nexus/content/groups/npm-all/facebook-chat-api/.cache.json
24 verbose correctMkdir /Users/azalani/.npm correctMkdir not in flight; initializing
25 silly fetchPackageMetaData Error: No compatible version found: facebook-chat-api@3.10.3
25 silly fetchPackageMetaData Valid install targets:
25 silly fetchPackageMetaData 1.2.0, 1.1.0, 1.0.8, 1.0.7, 1.0.6, 1.0.5, 1.0.4, 1.0.3, 1.0.2, 1.0.1, 1.0.0, 0.2.11, 0.2.10, 0.2.9, 0.2.8, 0.2.7, 0.2.6, 0.2.5, 0.2.4, 0.2.3, 0.2.2, 0.2.1, 0.2.0, 0.1.11, 0.1.10, 0.1.9, 0.1.8, 0.1.7, 0.1.6, 0.1.5, 0.1.4, 0.1.3, 0.1.2, 0.1.1, 0.1.0
25 silly fetchPackageMetaData
25 silly fetchPackageMetaData     at pickVersionFromRegistryDocument (/usr/local/lib/node_modules/npm/lib/fetch-package-metadata.js:170:16)
25 silly fetchPackageMetaData     at /usr/local/lib/node_modules/npm/node_modules/iferr/index.js:13:50
25 silly fetchPackageMetaData     at /usr/local/lib/node_modules/npm/lib/utils/pulse-till-done.js:20:8
25 silly fetchPackageMetaData     at saved (/usr/local/lib/node_modules/npm/lib/cache/caching-client.js:174:7)
25 silly fetchPackageMetaData     at /usr/local/lib/node_modules/npm/node_modules/graceful-fs/polyfills.js:210:7
25 silly fetchPackageMetaData     at FSReqWrap.oncomplete (fs.js:123:15)
25 silly fetchPackageMetaData  error for facebook-chat-api@3.10.3 Error: No compatible version found: facebook-chat-api@3.10.3
25 silly fetchPackageMetaData Valid install targets:
25 silly fetchPackageMetaData 1.2.0, 1.1.0, 1.0.8, 1.0.7, 1.0.6, 1.0.5, 1.0.4, 1.0.3, 1.0.2, 1.0.1, 1.0.0, 0.2.11, 0.2.10, 0.2.9, 0.2.8, 0.2.7, 0.2.6, 0.2.5, 0.2.4, 0.2.3, 0.2.2, 0.2.1, 0.2.0, 0.1.11, 0.1.10, 0.1.9, 0.1.8, 0.1.7, 0.1.6, 0.1.5, 0.1.4, 0.1.3, 0.1.2, 0.1.1, 0.1.0
25 silly fetchPackageMetaData
25 silly fetchPackageMetaData     at pickVersionFromRegistryDocument (/usr/local/lib/node_modules/npm/lib/fetch-package-metadata.js:170:16)
25 silly fetchPackageMetaData     at /usr/local/lib/node_modules/npm/node_modules/iferr/index.js:13:50
25 silly fetchPackageMetaData     at /usr/local/lib/node_modules/npm/lib/utils/pulse-till-done.js:20:8
25 silly fetchPackageMetaData     at saved (/usr/local/lib/node_modules/npm/lib/cache/caching-client.js:174:7)
25 silly fetchPackageMetaData     at /usr/local/lib/node_modules/npm/node_modules/graceful-fs/polyfills.js:210:7
25 silly fetchPackageMetaData     at FSReqWrap.oncomplete (fs.js:123:15)
26 silly rollbackFailedOptional Starting
27 silly rollbackFailedOptional Finishing
28 silly runTopLevelLifecycles Starting
29 silly runTopLevelLifecycles Finishing
30 silly install printInstalled
31 verbose stack Error: No compatible version found: facebook-chat-api@3.10.3
31 verbose stack Valid install targets:
31 verbose stack 1.2.0, 1.1.0, 1.0.8, 1.0.7, 1.0.6, 1.0.5, 1.0.4, 1.0.3, 1.0.2, 1.0.1, 1.0.0, 0.2.11, 0.2.10, 0.2.9, 0.2.8, 0.2.7, 0.2.6, 0.2.5, 0.2.4, 0.2.3, 0.2.2, 0.2.1, 0.2.0, 0.1.11, 0.1.10, 0.1.9, 0.1.8, 0.1.7, 0.1.6, 0.1.5, 0.1.4, 0.1.3, 0.1.2, 0.1.1, 0.1.0
31 verbose stack
31 verbose stack     at pickVersionFromRegistryDocument (/usr/local/lib/node_modules/npm/lib/fetch-package-metadata.js:170:16)
31 verbose stack     at /usr/local/lib/node_modules/npm/node_modules/iferr/index.js:13:50
31 verbose stack     at /usr/local/lib/node_modules/npm/lib/utils/pulse-till-done.js:20:8
31 verbose stack     at saved (/usr/local/lib/node_modules/npm/lib/cache/caching-client.js:174:7)
31 verbose stack     at /usr/local/lib/node_modules/npm/node_modules/graceful-fs/polyfills.js:210:7
31 verbose stack     at FSReqWrap.oncomplete (fs.js:123:15)
32 verbose cwd /Users/azalani/personal/workspace/node-js-getting-started
33 error Darwin 15.6.0
34 error argv "/usr/local/Cellar/node/6.3.1/bin/node" "/usr/local/bin/npm" "install" "--save" "--save-exact" "facebook-chat-api"
35 error node v6.3.1
36 error npm  v3.10.3
37 error No compatible version found: facebook-chat-api@3.10.3
37 error Valid install targets:
37 error 1.2.0, 1.1.0, 1.0.8, 1.0.7, 1.0.6, 1.0.5, 1.0.4, 1.0.3, 1.0.2, 1.0.1, 1.0.0, 0.2.11, 0.2.10, 0.2.9, 0.2.8, 0.2.7, 0.2.6, 0.2.5, 0.2.4, 0.2.3, 0.2.2, 0.2.1, 0.2.0, 0.1.11, 0.1.10, 0.1.9, 0.1.8, 0.1.7, 0.1.6, 0.1.5, 0.1.4, 0.1.3, 0.1.2, 0.1.1, 0.1.0
38 error If you need help, you may report this error at:
38 error     <https://github.com/npm/npm/issues>
39 verbose exit [ 1, true ]
